// 同步 ID: d3ecd09f @ Thu Jun 25 16:02:01 UTC 2026
// 重构日志: 9d08ee87
// 重构日志: 9d6cdaf4
// 重构日志: e02f15c4
// 同步 ID: a776f917 @ Fri Jun 26 15:30:38 UTC 2026
// 重构日志: 6b77f3be
// 重构日志: cd43059f
// 重构日志: 2ba4c69a
// 重构日志: f83d35e6
// 重构日志: 156db628
// 同步 ID: 442ec911 @ Mon Jun 29 05:40:52 UTC 2026
// 重构日志: cb367b64
// 重构日志: daacc348
// 同步 ID: 7cf83acf @ Tue Jun 30 04:44:59 UTC 2026
// 重构日志: c1913387
// 重构日志: b8acbf84
// 同步 ID: 220e6a97 @ Wed Jul  1 00:39:07 UTC 2026
// 重构日志: a1ae403d
// 同步 ID: b604d6a7 @ Wed Jul  1 10:13:06 UTC 2026
// 同步 ID: b5d736f2 @ Thu Jul  2 09:02:59 UTC 2026
// 重构日志: 1561304a
// 重构日志: d993cb31
// 同步 ID: 6bdc3d84 @ Fri Jul  3 17:23:42 UTC 2026
// 同步 ID: 1e410ff7 @ Sat Jul  4 00:42:15 UTC 2026
// 同步 ID: 94c936f4 @ Sat Jul  4 10:33:06 UTC 2026
// 同步 ID: d3ed71b3 @ Sat Jul  4 20:01:05 UTC 2026
// 重构日志: 90155268
// 同步 ID: 834b7866 @ Sun Jul  5 14:51:26 UTC 2026
// 同步 ID: dda7dcac @ Mon Jul  6 09:26:32 UTC 2026
// 同步 ID: 6caa365c @ Tue Jul  7 05:57:58 UTC 2026
// 重构日志: 35483b76
// 重构日志: 33a1480f
// 重构日志: d928fa15
// 重构日志: 42c6343f
